#
# There is insufficient memory for the Java Runtime Environment to continue.
# Native memory allocation (mmap) failed to map 264241152 bytes for G1 virtual space
# Possible reasons:
#   The system is out of physical RAM or swap space
#   The process is running with CompressedOops enabled, and the Java Heap may be blocking the growth of the native heap
# Possible solutions:
#   Reduce memory load on the system
#   Increase physical memory or swap space
#   Check if swap backing store is full
#   Decrease Java heap size (-Xmx/-Xms)
#   Decrease number of Java threads
#   Decrease Java thread stack sizes (-Xss)
#   Set larger code cache with -XX:ReservedCodeCacheSize=
#   JVM is running with Zero Based Compressed Oops mode in which the Java heap is
#     placed in the first 32GB address space. The Java Heap base address is the
#     maximum limit for the native heap growth. Please use -XX:HeapBaseMinAddress
#     to set the Java Heap base and to place the Java Heap above 32GB virtual address.
# This output file may be truncated or incomplete.
#
#  Out of Memory Error (os_windows.cpp:3771), pid=13212, tid=10656
#
# JRE version:  (17.0.7+10) (build )
# Java VM: OpenJDK 64-Bit Server VM (17.0.7+10-b829.16, mixed mode, sharing, tiered, compressed oops, compressed class ptrs, g1 gc, windows-amd64)
# No core dump will be written. Minidumps are not enabled by default on client versions of Windows
#

---------------  S U M M A R Y ------------

Command Line: git4idea.http.GitAskPassApp Username for 'https://github.com': 

Host: 11th Gen Intel(R) Core(TM) i7-1165G7 @ 2.80GHz, 8 cores, 15G,  Windows 11 , 64 bit Build 26100 (10.0.26100.3037)
Time: Mon Mar 17 19:09:09 2025  Windows 11 , 64 bit Build 26100 (10.0.26100.3037) elapsed time: 0.015623 seconds (0d 0h 0m 0s)

---------------  T H R E A D  ---------------

Current thread (0x000001e05db14690):  JavaThread "Unknown thread" [_thread_in_vm, id=10656, stack(0x0000008d2ec00000,0x0000008d2ed00000)]

Stack: [0x0000008d2ec00000,0x0000008d2ed00000]
Native frames: (J=compiled Java code, j=interpreted, Vv=VM code, C=native code)
V  [jvm.dll+0x683cca]
V  [jvm.dll+0x8424b4]
V  [jvm.dll+0x843cae]
V  [jvm.dll+0x844313]
V  [jvm.dll+0x24ad2f]
V  [jvm.dll+0x680b99]
V  [jvm.dll+0x67526a]
V  [jvm.dll+0x30b3cb]
V  [jvm.dll+0x312876]
V  [jvm.dll+0x36221e]
V  [jvm.dll+0x36244f]
V  [jvm.dll+0x2e14a8]
V  [jvm.dll+0x2e2414]
V  [jvm.dll+0x814441]
V  [jvm.dll+0x36ffe1]
V  [jvm.dll+0x7f3a1c]
V  [jvm.dll+0x3f305f]
V  [jvm.dll+0x3f4b91]
C  [jli.dll+0x528f]
C  [ucrtbase.dll+0x37b0]
C  [KERNEL32.DLL+0x2e8d7]
C  [ntdll.dll+0xbbf2c]


---------------  P R O C E S S  ---------------

Threads class SMR info:
_java_thread_list=0x00007ffe9b04b098, length=0, elements={
}

Java Threads: ( => current thread )

Other Threads:
  0x000001e05db80380 GCTaskThread "GC Thread#0" [stack: 0x0000008d2ed00000,0x0000008d2ee00000] [id=14276]
  0x000001e05db91ad0 ConcurrentGCThread "G1 Main Marker" [stack: 0x0000008d2ee00000,0x0000008d2ef00000] [id=2692]
  0x000001e05db93390 ConcurrentGCThread "G1 Conc#0" [stack: 0x0000008d2ef00000,0x0000008d2f000000] [id=18412]

[error occurred during error reporting (printing all threads), id 0xc0000005, EXCEPTION_ACCESS_VIOLATION (0xc0000005) at pc=0x00007ffe9a802087]

VM state: not at safepoint (not fully initialized)

VM Mutex/Monitor currently owned by a thread:  ([mutex/lock_event])
[0x000001e05db0df20] Heap_lock - owner thread: 0x000001e05db14690

Heap address: 0x0000000704c00000, size: 4020 MB, Compressed Oops mode: Zero based, Oop shift amount: 3

CDS archive(s) mapped at: [0x0000000000000000-0x0000000000000000-0x0000000000000000), size 0, SharedBaseAddress: 0x0000000800000000, ArchiveRelocationMode: 0.
Narrow klass base: 0x0000000000000000, Narrow klass shift: 0, Narrow klass range: 0x0

GC Precious Log:
<Empty>

Heap:
 garbage-first heap   total 0K, used 0K [0x0000000704c00000, 0x0000000800000000)
  region size 2048K, 0 young (0K), 0 survivors (0K)

[error occurred during error reporting (printing heap information), id 0xc0000005, EXCEPTION_ACCESS_VIOLATION (0xc0000005) at pc=0x00007ffe9abedf59]

GC Heap History (0 events):
No events

Dll operation events (1 events):
Event: 0.010 Loaded shared library C:\Program Files\JetBrains\WebStorm 2023.1.3\jbr\bin\java.dll

Deoptimization events (0 events):
No events

Classes unloaded (0 events):
No events

Classes redefined (0 events):
No events

Internal exceptions (0 events):
No events

VM Operations (0 events):
No events

Events (0 events):
No events


Dynamic libraries:
0x00007ff63cb10000 - 0x00007ff63cb1a000 	C:\Program Files\JetBrains\WebStorm 2023.1.3\jbr\bin\java.exe
0x00007ffee2d00000 - 0x00007ffee2f63000 	C:\WINDOWS\SYSTEM32\ntdll.dll
0x00007ffee2380000 - 0x00007ffee2447000 	C:\WINDOWS\System32\KERNEL32.DLL
0x00007ffee05b0000 - 0x00007ffee0977000 	C:\WINDOWS\System32\KERNELBASE.dll
0x00007ffee00d0000 - 0x00007ffee021c000 	C:\WINDOWS\System32\ucrtbase.dll
0x00007ffed6230000 - 0x00007ffed6247000 	C:\Program Files\JetBrains\WebStorm 2023.1.3\jbr\bin\jli.dll
0x00007ffed5ba0000 - 0x00007ffed5bbb000 	C:\Program Files\JetBrains\WebStorm 2023.1.3\jbr\bin\VCRUNTIME140.dll
0x00007ffee0b40000 - 0x00007ffee0d09000 	C:\WINDOWS\System32\USER32.dll
0x00007ffee00a0000 - 0x00007ffee00c7000 	C:\WINDOWS\System32\win32u.dll
0x00007ffee24d0000 - 0x00007ffee24fa000 	C:\WINDOWS\System32\GDI32.dll
0x00007ffec8a40000 - 0x00007ffec8cd0000 	C:\WINDOWS\WinSxS\amd64_microsoft.windows.common-controls_6595b64144ccf1df_6.0.26100.3037_none_3e09262ce333c378\COMCTL32.dll
0x00007ffee0980000 - 0x00007ffee0aab000 	C:\WINDOWS\System32\gdi32full.dll
0x00007ffee2210000 - 0x00007ffee22b9000 	C:\WINDOWS\System32\msvcrt.dll
0x00007ffee02e0000 - 0x00007ffee0383000 	C:\WINDOWS\System32\msvcp_win.dll
0x00007ffee2a20000 - 0x00007ffee2a4f000 	C:\WINDOWS\System32\IMM32.DLL
0x00000000767b0000 - 0x00000000767bc000 	C:\Program Files (x86)\360\Total Security\safemon\SafeWrapper.dll
0x00007ffedaa90000 - 0x00007ffedaa9c000 	C:\Program Files\JetBrains\WebStorm 2023.1.3\jbr\bin\vcruntime140_1.dll
0x00007ffecfce0000 - 0x00007ffecfd6d000 	C:\Program Files\JetBrains\WebStorm 2023.1.3\jbr\bin\msvcp140.dll
0x00007ffe9a510000 - 0x00007ffe9b17e000 	C:\Program Files\JetBrains\WebStorm 2023.1.3\jbr\bin\server\jvm.dll
0x00007ffee22c0000 - 0x00007ffee2374000 	C:\WINDOWS\System32\ADVAPI32.dll
0x00007ffee0d10000 - 0x00007ffee0db6000 	C:\WINDOWS\System32\sechost.dll
0x00007ffee2500000 - 0x00007ffee2616000 	C:\WINDOWS\System32\RPCRT4.dll
0x00007ffeca430000 - 0x00007ffeca466000 	C:\WINDOWS\SYSTEM32\WINMM.dll
0x00007ffedc940000 - 0x00007ffedc94b000 	C:\WINDOWS\SYSTEM32\VERSION.dll
0x00007ffeda9d0000 - 0x00007ffeda9da000 	C:\WINDOWS\SYSTEM32\WSOCK32.dll
0x00007ffee2450000 - 0x00007ffee24c4000 	C:\WINDOWS\System32\WS2_32.dll
0x00007ffedee90000 - 0x00007ffedeeaa000 	C:\WINDOWS\SYSTEM32\kernel.appcore.dll
0x00007ffed82d0000 - 0x00007ffed82da000 	C:\Program Files\JetBrains\WebStorm 2023.1.3\jbr\bin\jimage.dll
0x00007ffedda10000 - 0x00007ffeddc51000 	C:\WINDOWS\SYSTEM32\DBGHELP.DLL
0x00007ffee1b20000 - 0x00007ffee1e9e000 	C:\WINDOWS\System32\combase.dll
0x00007ffee2620000 - 0x00007ffee26f6000 	C:\WINDOWS\System32\OLEAUT32.dll
0x00007ffec88b0000 - 0x00007ffec88e9000 	C:\WINDOWS\SYSTEM32\dbgcore.DLL
0x00007ffee0390000 - 0x00007ffee0429000 	C:\WINDOWS\System32\bcryptPrimitives.dll
0x00007ffed6000000 - 0x00007ffed6025000 	C:\Program Files\JetBrains\WebStorm 2023.1.3\jbr\bin\java.dll

dbghelp: loaded successfully - version: 4.0.5 - missing functions: none
symbol engine: initialized successfully - sym options: 0x614 - pdb path: .;C:\Program Files\JetBrains\WebStorm 2023.1.3\jbr\bin;C:\WINDOWS\SYSTEM32;C:\WINDOWS\WinSxS\amd64_microsoft.windows.common-controls_6595b64144ccf1df_6.0.26100.3037_none_3e09262ce333c378;C:\Program Files (x86)\360\Total Security\safemon;C:\Program Files\JetBrains\WebStorm 2023.1.3\jbr\bin\server

VM Arguments:
java_command: git4idea.http.GitAskPassApp Username for 'https://github.com': 
java_class_path (initial): C:/Program Files/JetBrains/WebStorm 2023.1.3/plugins/vcs-git/lib/git4idea-rt.jar;C:/Program Files/JetBrains/WebStorm 2023.1.3/lib/externalProcess-rt.jar
Launcher Type: SUN_STANDARD

[Global flags]
     intx CICompilerCount                          = 4                                         {product} {ergonomic}
     uint ConcGCThreads                            = 2                                         {product} {ergonomic}
     uint G1ConcRefinementThreads                  = 8                                         {product} {ergonomic}
   size_t G1HeapRegionSize                         = 2097152                                   {product} {ergonomic}
    uintx GCDrainStackTargetSize                   = 64                                        {product} {ergonomic}
   size_t InitialHeapSize                          = 264241152                                 {product} {ergonomic}
   size_t MarkStackSize                            = 4194304                                   {product} {ergonomic}
   size_t MaxHeapSize                              = 4215275520                                {product} {ergonomic}
   size_t MinHeapDeltaBytes                        = 2097152                                   {product} {ergonomic}
   size_t MinHeapSize                              = 8388608                                   {product} {ergonomic}
    uintx NonNMethodCodeHeapSize                   = 5839372                                {pd product} {ergonomic}
    uintx NonProfiledCodeHeapSize                  = 122909434                              {pd product} {ergonomic}
    uintx ProfiledCodeHeapSize                     = 122909434                              {pd product} {ergonomic}
    uintx ReservedCodeCacheSize                    = 251658240                              {pd product} {ergonomic}
     bool SegmentedCodeCache                       = true                                      {product} {ergonomic}
   size_t SoftMaxHeapSize                          = 4215275520                             {manageable} {ergonomic}
     bool UseCompressedClassPointers               = true                           {product lp64_product} {ergonomic}
     bool UseCompressedOops                        = true                           {product lp64_product} {ergonomic}
     bool UseG1GC                                  = true                                      {product} {ergonomic}
     bool UseLargePagesIndividualAllocation        = false                                  {pd product} {ergonomic}

Logging:
Log output configuration:
 #0: stdout all=warning uptime,level,tags
 #1: stderr all=off uptime,level,tags

Environment Variables:
PATH=C:\Program Files\Git\mingw64\libexec\git-core;C:\Program Files\Git\mingw64\libexec\git-core;C:\Program Files\Git\mingw64\bin;C:\Program Files\Git\usr\bin;C:\Users\user\bin;C:\WINDOWS\system32;C:\WINDOWS;C:\WINDOWS\System32\Wbem;C:\WINDOWS\System32\WindowsPowerShell\v1.0;C:\WINDOWS\System32\OpenSSH;C:\Program Files\nodejs;C:\Program Files\Git\cmd;C:\Users\user\AppData\Local\Microsoft\WindowsApps;C:\Program Files\JetBrains\WebStorm 2023.1.3\bin;C:\Users\user\AppData\Roaming\npm
USERNAME=user
DISPLAY=:0.0
LC_ALL=en_US.UTF-8
TERM=xterm-256color
TMPDIR=C:\Users\user\AppData\Local\Temp
OS=Windows_NT
PROCESSOR_IDENTIFIER=Intel64 Family 6 Model 140 Stepping 1, GenuineIntel
TMP=C:\Users\user\AppData\Local\Temp
TEMP=C:\Users\user\AppData\Local\Temp


JNI global refs:

[error occurred during error reporting (JNI global references), id 0xc0000005, EXCEPTION_ACCESS_VIOLATION (0xc0000005) at pc=0x00007ffe9a5c7fc0]


---------------  S Y S T E M  ---------------

OS:
 Windows 11 , 64 bit Build 26100 (10.0.26100.3037)
OS uptime: 13 days 4:56 hours
Hyper-V role detected

CPU: total 8 (initial active 8) (4 cores per cpu, 2 threads per core) family 6 model 140 stepping 1 microcode 0xa6, cx8, cmov, fxsr, ht, mmx, 3dnowpref, sse, sse2, sse3, ssse3, sse4.1, sse4.2, popcnt, lzcnt, tsc, tscinvbit, avx, avx2, aes, erms, clmul, bmi1, bmi2, adx, avx512f, avx512dq, avx512cd, avx512bw, avx512vl, sha, fma, vzeroupper, avx512_vpopcntdq, avx512_vpclmulqdq, avx512_vaes, avx512_vnni, clflush, clflushopt, clwb, avx512_vbmi2, avx512_vbmi, hv

Memory: 4k page, system-wide physical 16078M (1669M free)
TotalPageFile size 34696M (AvailPageFile size 160M)
current process WorkingSet (physical memory assigned to process): 12M, peak: 12M
current process commit charge ("private bytes"): 60M, peak: 312M

vm_info: OpenJDK 64-Bit Server VM (17.0.7+10-b829.16) for windows-amd64 JRE (17.0.7+10-b829.16), built on 2023-06-02 by "builduser" with MS VC++ 16.10 / 16.11 (VS2019)

END.
